D:\TFS\UGPS\UGPS.NodeAPI\api\controllers\AdvertisementController.js
D:\TFS\UGPS\UGPS.NodeAPI\api\controllers\AdvertisementController.js.map
D:\TFS\UGPS\UGPS.NodeAPI\api\controllers\committeeMemberController.js
D:\TFS\UGPS\UGPS.NodeAPI\api\controllers\committeeMemberController.js.map
D:\TFS\UGPS\UGPS.NodeAPI\api\controllers\ClientSideController.js
D:\TFS\UGPS\UGPS.NodeAPI\api\controllers\ClientSideController.js.map
D:\TFS\UGPS\UGPS.NodeAPI\api\controllers\EmailController.js
D:\TFS\UGPS\UGPS.NodeAPI\api\controllers\EmailController.js.map
D:\TFS\UGPS\UGPS.NodeAPI\api\controllers\EventManagementController.js
D:\TFS\UGPS\UGPS.NodeAPI\api\controllers\EventManagementController.js.map
D:\TFS\UGPS\UGPS.NodeAPI\api\controllers\FamilyMemberController.js
D:\TFS\UGPS\UGPS.NodeAPI\api\controllers\FamilyMemberController.js.map
D:\TFS\UGPS\UGPS.NodeAPI\api\controllers\LoginController.js
D:\TFS\UGPS\UGPS.NodeAPI\api\controllers\LoginController.js.map
D:\TFS\UGPS\UGPS.NodeAPI\api\controllers\MembersController.js
D:\TFS\UGPS\UGPS.NodeAPI\api\controllers\MembersController.js.map
D:\TFS\UGPS\UGPS.NodeAPI\api\controllers\UserModuleController.js
D:\TFS\UGPS\UGPS.NodeAPI\api\controllers\UserModuleController.js.map
D:\TFS\UGPS\UGPS.NodeAPI\api\models\AdvertisementLocationModel.js
D:\TFS\UGPS\UGPS.NodeAPI\api\models\AdvertisementLocationModel.js.map
D:\TFS\UGPS\UGPS.NodeAPI\api\models\AdvertisementModel.js
D:\TFS\UGPS\UGPS.NodeAPI\api\models\AdvertisementModel.js.map
D:\TFS\UGPS\UGPS.NodeAPI\api\models\AdvertisementPhotos.js
D:\TFS\UGPS\UGPS.NodeAPI\api\models\AdvertisementPhotos.js.map
D:\TFS\UGPS\UGPS.NodeAPI\api\models\AdvertisementTypeModel.js
D:\TFS\UGPS\UGPS.NodeAPI\api\models\AdvertisementTypeModel.js.map
D:\TFS\UGPS\UGPS.NodeAPI\api\models\committeeMemberModel.js
D:\TFS\UGPS\UGPS.NodeAPI\api\models\committeeMemberModel.js.map
D:\TFS\UGPS\UGPS.NodeAPI\api\models\CitizenshipModel.js
D:\TFS\UGPS\UGPS.NodeAPI\api\models\CitizenshipModel.js.map
D:\TFS\UGPS\UGPS.NodeAPI\api\models\CityModel.js
D:\TFS\UGPS\UGPS.NodeAPI\api\models\CityModel.js.map
D:\TFS\UGPS\UGPS.NodeAPI\api\models\Designation.js
D:\TFS\UGPS\UGPS.NodeAPI\api\models\Designation.js.map
D:\TFS\UGPS\UGPS.NodeAPI\api\models\EducationModel.js
D:\TFS\UGPS\UGPS.NodeAPI\api\models\EducationModel.js.map
D:\TFS\UGPS\UGPS.NodeAPI\api\models\EventManagementModel.js
D:\TFS\UGPS\UGPS.NodeAPI\api\models\EventManagementModel.js.map
D:\TFS\UGPS\UGPS.NodeAPI\api\models\EventPhotosModel.js
D:\TFS\UGPS\UGPS.NodeAPI\api\models\EventPhotosModel.js.map
D:\TFS\UGPS\UGPS.NodeAPI\api\models\FamilyMemberModel.js
D:\TFS\UGPS\UGPS.NodeAPI\api\models\FamilyMemberModel.js.map
D:\TFS\UGPS\UGPS.NodeAPI\api\models\HeightModel.js
D:\TFS\UGPS\UGPS.NodeAPI\api\models\HeightModel.js.map
D:\TFS\UGPS\UGPS.NodeAPI\api\models\MemberModel.js
D:\TFS\UGPS\UGPS.NodeAPI\api\models\MemberModel.js.map
D:\TFS\UGPS\UGPS.NodeAPI\api\models\LoginModel.js
D:\TFS\UGPS\UGPS.NodeAPI\api\models\LoginModel.js.map
D:\TFS\UGPS\UGPS.NodeAPI\api\models\NativeModel.js
D:\TFS\UGPS\UGPS.NodeAPI\api\models\NativeModel.js.map
D:\TFS\UGPS\UGPS.NodeAPI\api\models\OTPAuthenticationModel.js
D:\TFS\UGPS\UGPS.NodeAPI\api\models\OTPAuthenticationModel.js.map
D:\TFS\UGPS\UGPS.NodeAPI\api\models\UserModuleModel.js
D:\TFS\UGPS\UGPS.NodeAPI\api\models\UserModuleModel.js.map
D:\TFS\UGPS\UGPS.NodeAPI\api\models\SecurityModuleModel.js
D:\TFS\UGPS\UGPS.NodeAPI\api\models\SecurityModuleModel.js.map
D:\TFS\UGPS\UGPS.NodeAPI\api\routes\Routes.js
D:\TFS\UGPS\UGPS.NodeAPI\api\routes\Routes.js.map
D:\TFS\UGPS\UGPS.NodeAPI\Config.js
D:\TFS\UGPS\UGPS.NodeAPI\Config.js.map
D:\TFS\UGPS\UGPS.NodeAPI\server.js
D:\TFS\UGPS\UGPS.NodeAPI\server.js.map
